<?xml version="1.0" encoding="UTF-8"?>
<!-- Generated by org.testng.reporters.JUnitReportReporter -->
<testsuite hostname="LAPTOP-BT5CJTDM" failures="0" tests="2" name="TEST.DEMO" time="0.009" errors="0" timestamp="2021-12-26T07:42:07 IST" skipped="0">
  <testcase classname="TEST.DEMO" name="second" time="0.000"/>
  <system-out/>
  <testcase classname="TEST.DEMO" name="first" time="0.009"/>
  <system-out/>
</testsuite> <!-- TEST.DEMO -->
