<?xml version="1.0" encoding="UTF-8"?>
<!-- Generated by org.testng.reporters.JUnitReportReporter -->
<testsuite hostname="LAPTOP-BT5CJTDM" failures="0" tests="1" name="TEST.practice" time="0.001" errors="0" timestamp="2021-12-05T12:44:09 IST" skipped="0">
  <testcase classname="TEST.practice" name="p2" time="0.001"/>
  <system-out/>
</testsuite> <!-- TEST.practice -->
